<?xml version="1.0" encoding="UTF-8"?>
<!-- Generated by org.testng.reporters.JUnitReportReporter -->
<testsuite hostname="WKS-CST-19" name="ru.greg3d.Lesson2TestComplect" tests="6" failures="0" timestamp="18 Feb 2016 09:09:35 GMT" time="26.084" errors="0">
  <testcase name="addCorrectRecord" time="9.013" classname="ru.greg3d.Lesson2TestComplect"/>
  <testcase name="addWrongRecord" time="3.530" classname="ru.greg3d.Lesson2TestComplect"/>
  <testcase name="testSearchFirstRecord" time="2.858" classname="ru.greg3d.Lesson2TestComplect"/>
  <testcase name="addWrongRecord" time="3.450" classname="ru.greg3d.Lesson2TestComplect"/>
  <testcase name="deleteRecord" time="4.540" classname="ru.greg3d.Lesson2TestComplect"/>
  <testcase name="testUnSearchFirstRecord" time="2.693" classname="ru.greg3d.Lesson2TestComplect"/>
</testsuite> <!-- ru.greg3d.Lesson2TestComplect -->
